# JRE version: OpenJDK Runtime Environment Temurin-17.0.3+7 (17.0.3+7) (build 17.0.3+7)
# Java VM: OpenJDK 64-Bit Server VM Temurin-17.0.3+7 (17.0.3+7, mixed mode, tiered, compressed oops, compressed class ptrs, parallel gc, windows-amd64)
GC Precious Log:
 CPUs: 4 total, 4 available
 Memory: 3982M
 Large Page Support: Disabled
 NUMA Support: Disabled
 Compressed Oops: Enabled (32-bit)
 Alignments: Space 512K, Generation 512K, Heap 2M
 Heap Min Capacity: 100M
 Heap Initial Capacity: 100M
 Heap Max Capacity: 1G
 Pre-touch: Disabled
 Parallel Workers: 4
Heap:
 PSYoungGen      total 4096K, used 3744K [0x00000000eab00000, 0x00000000eb100000, 0x0000000100000000)
  eden space 3072K, 100% used [0x00000000eab00000,0x00000000eae00000,0x00000000eae00000)
  from space 1024K, 65% used [0x00000000eb000000,0x00000000eb0a8000,0x00000000eb100000)
  to   space 1024K, 0% used [0x00000000eaf00000,0x00000000eaf00000,0x00000000eb000000)
 ParOldGen       total 150528K, used 115938K [0x00000000c0000000, 0x00000000c9300000, 0x00000000eab00000)
  object space 150528K, 77% used [0x00000000c0000000,0x00000000c7138820,0x00000000c9300000)
 Metaspace       used 76015K, committed 76928K, reserved 1122304K
  class space    used 7594K, committed 8000K, reserved 1048576K
GC Heap History (20 events):
Event: 5390.702 GC heap before
{Heap before GC invocations=2877 (full 61):
 PSYoungGen      total 2048K, used 1381K [0x00000000eab00000, 0x00000000eae80000, 0x0000000100000000)
  eden space 1536K, 81% used [0x00000000eab00000,0x00000000eac395c0,0x00000000eac80000)
  from space 512K, 25% used [0x00000000eae00000,0x00000000eae20000,0x00000000eae80000)
  to   space 512K, 0% used [0x00000000ead80000,0x00000000ead80000,0x00000000eae00000)
 ParOldGen       total 142336K, used 134696K [0x00000000c0000000, 0x00000000c8b00000, 0x00000000eab00000)
  object space 142336K, 94% used [0x00000000c0000000,0x00000000c838a1c8,0x00000000c8b00000)
 Metaspace       used 76015K, committed 76928K, reserved 1122304K
  class space    used 7594K, committed 8000K, reserved 1048576K
}
Event: 5390.705 GC heap after
{Heap after GC invocations=2877 (full 61):
 PSYoungGen      total 2048K, used 96K [0x00000000eab00000, 0x00000000eae80000, 0x0000000100000000)
  eden space 1536K, 0% used [0x00000000eab00000,0x00000000eab00000,0x00000000eac80000)
  from space 512K, 18% used [0x00000000ead80000,0x00000000ead98000,0x00000000eae00000)
  to   space 512K, 0% used [0x00000000eae00000,0x00000000eae00000,0x00000000eae80000)
 ParOldGen       total 142336K, used 134736K [0x00000000c0000000, 0x00000000c8b00000, 0x00000000eab00000)
  object space 142336K, 94% used [0x00000000c0000000,0x00000000c83941c8,0x00000000c8b00000)
 Metaspace       used 76015K, committed 76928K, reserved 1122304K
  class space    used 7594K, committed 8000K, reserved 1048576K
}
Event: 5390.713 GC heap before
{Heap before GC invocations=2878 (full 61):
 PSYoungGen      total 2048K, used 1631K [0x00000000eab00000, 0x00000000eae80000, 0x0000000100000000)
  eden space 1536K, 99% used [0x00000000eab00000,0x00000000eac7fff8,0x00000000eac80000)
  from space 512K, 18% used [0x00000000ead80000,0x00000000ead98000,0x00000000eae00000)
  to   space 512K, 0% used [0x00000000eae00000,0x00000000eae00000,0x00000000eae80000)
 ParOldGen       total 142336K, used 134736K [0x00000000c0000000, 0x00000000c8b00000, 0x00000000eab00000)
  object space 142336K, 94% used [0x00000000c0000000,0x00000000c83941c8,0x00000000c8b00000)
 Metaspace       used 76015K, committed 76928K, reserved 1122304K
  class space    used 7594K, committed 8000K, reserved 1048576K
}
Event: 5390.720 GC heap after
{Heap after GC invocations=2878 (full 61):
 PSYoungGen      total 1536K, used 489K [0x00000000eab00000, 0x00000000eb080000, 0x0000000100000000)
  eden space 1024K, 0% used [0x00000000eab00000,0x00000000eab00000,0x00000000eac00000)
  from space 512K, 95% used [0x00000000eae00000,0x00000000eae7a560,0x00000000eae80000)
  to   space 2048K, 0% used [0x00000000eac00000,0x00000000eac00000,0x00000000eae00000)
 ParOldGen       total 142336K, used 135647K [0x00000000c0000000, 0x00000000c8b00000, 0x00000000eab00000)
  object space 142336K, 95% used [0x00000000c0000000,0x00000000c8477cc0,0x00000000c8b00000)
 Metaspace       used 76015K, committed 76928K, reserved 1122304K
  class space    used 7594K, committed 8000K, reserved 1048576K
}
Event: 5390.729 GC heap before
{Heap before GC invocations=2879 (full 61):
 PSYoungGen      total 1536K, used 1513K [0x00000000eab00000, 0x00000000eb080000, 0x0000000100000000)
  eden space 1024K, 99% used [0x00000000eab00000,0x00000000eabfffe0,0x00000000eac00000)
  from space 512K, 95% used [0x00000000eae00000,0x00000000eae7a560,0x00000000eae80000)
  to   space 2048K, 0% used [0x00000000eac00000,0x00000000eac00000,0x00000000eae00000)
 ParOldGen       total 142336K, used 135647K [0x00000000c0000000, 0x00000000c8b00000, 0x00000000eab00000)
  object space 142336K, 95% used [0x00000000c0000000,0x00000000c8477cc0,0x00000000c8b00000)
 Metaspace       used 76015K, committed 76928K, reserved 1122304K
  class space    used 7594K, committed 8000K, reserved 1048576K
}
Event: 5390.735 GC heap after
{Heap after GC invocations=2879 (full 61):
 PSYoungGen      total 3072K, used 992K [0x00000000eab00000, 0x00000000eaf80000, 0x0000000100000000)
  eden space 1024K, 0% used [0x00000000eab00000,0x00000000eab00000,0x00000000eac00000)
  from space 2048K, 48% used [0x00000000eac00000,0x00000000eacf8000,0x00000000eae00000)
  to   space 1536K, 0% used [0x00000000eae00000,0x00000000eae00000,0x00000000eaf80000)
 ParOldGen       total 142336K, used 136144K [0x00000000c0000000, 0x00000000c8b00000, 0x00000000eab00000)
  object space 142336K, 95% used [0x00000000c0000000,0x00000000c84f4220,0x00000000c8b00000)
 Metaspace       used 76015K, committed 76928K, reserved 1122304K
  class space    used 7594K, committed 8000K, reserved 1048576K
}
Event: 5390.745 GC heap before
{Heap before GC invocations=2880 (full 61):
 PSYoungGen      total 3072K, used 2015K [0x00000000eab00000, 0x00000000eaf80000, 0x0000000100000000)
  eden space 1024K, 99% used [0x00000000eab00000,0x00000000eabffff0,0x00000000eac00000)
  from space 2048K, 48% used [0x00000000eac00000,0x00000000eacf8000,0x00000000eae00000)
  to   space 1536K, 0% used [0x00000000eae00000,0x00000000eae00000,0x00000000eaf80000)
 ParOldGen       total 142336K, used 136144K [0x00000000c0000000, 0x00000000c8b00000, 0x00000000eab00000)
  object space 142336K, 95% used [0x00000000c0000000,0x00000000c84f4220,0x00000000c8b00000)
 Metaspace       used 76015K, committed 76928K, reserved 1122304K
  class space    used 7594K, committed 8000K, reserved 1048576K
}
Event: 5390.753 GC heap after
{Heap after GC invocations=2880 (full 61):
 PSYoungGen      total 3072K, used 1056K [0x00000000eab00000, 0x00000000eaf80000, 0x0000000100000000)
  eden space 1536K, 0% used [0x00000000eab00000,0x00000000eab00000,0x00000000eac80000)
  from space 1536K, 68% used [0x00000000eae00000,0x00000000eaf08000,0x00000000eaf80000)
  to   space 1536K, 0% used [0x00000000eac80000,0x00000000eac80000,0x00000000eae00000)
 ParOldGen       total 142336K, used 137104K [0x00000000c0000000, 0x00000000c8b00000, 0x00000000eab00000)
  object space 142336K, 96% used [0x00000000c0000000,0x00000000c85e4220,0x00000000c8b00000)
 Metaspace       used 76015K, committed 76928K, reserved 1122304K
  class space    used 7594K, committed 8000K, reserved 1048576K
}
Event: 5390.769 GC heap before
{Heap before GC invocations=2881 (full 61):
 PSYoungGen      total 3072K, used 2592K [0x00000000eab00000, 0x00000000eaf80000, 0x0000000100000000)
  eden space 1536K, 100% used [0x00000000eab00000,0x00000000eac80000,0x00000000eac80000)
  from space 1536K, 68% used [0x00000000eae00000,0x00000000eaf08000,0x00000000eaf80000)
  to   space 1536K, 0% used [0x00000000eac80000,0x00000000eac80000,0x00000000eae00000)
 ParOldGen       total 142336K, used 137104K [0x00000000c0000000, 0x00000000c8b00000, 0x00000000eab00000)
  object space 142336K, 96% used [0x00000000c0000000,0x00000000c85e4220,0x00000000c8b00000)
 Metaspace       used 76015K, committed 76928K, reserved 1122304K
  class space    used 7594K, committed 8000K, reserved 1048576K
}
Event: 5390.778 GC heap after
{Heap after GC invocations=2881 (full 61):
 PSYoungGen      total 3072K, used 1360K [0x00000000eab00000, 0x00000000eb000000, 0x0000000100000000)
  eden space 1536K, 0% used [0x00000000eab00000,0x00000000eab00000,0x00000000eac80000)
  from space 1536K, 88% used [0x00000000eac80000,0x00000000eadd4010,0x00000000eae00000)
  to   space 1536K, 0% used [0x00000000eae80000,0x00000000eae80000,0x00000000eb000000)
 ParOldGen       total 142336K, used 138096K [0x00000000c0000000, 0x00000000c8b00000, 0x00000000eab00000)
  object space 142336K, 97% used [0x00000000c0000000,0x00000000c86dc220,0x00000000c8b00000)
 Metaspace       used 76015K, committed 76928K, reserved 1122304K
  class space    used 7594K, committed 8000K, reserved 1048576K
}
Event: 5390.788 GC heap before
{Heap before GC invocations=2882 (full 61):
 PSYoungGen      total 3072K, used 2896K [0x00000000eab00000, 0x00000000eb000000, 0x0000000100000000)
  eden space 1536K, 100% used [0x00000000eab00000,0x00000000eac80000,0x00000000eac80000)
  from space 1536K, 88% used [0x00000000eac80000,0x00000000eadd4010,0x00000000eae00000)
  to   space 1536K, 0% used [0x00000000eae80000,0x00000000eae80000,0x00000000eb000000)
 ParOldGen       total 142336K, used 138096K [0x00000000c0000000, 0x00000000c8b00000, 0x00000000eab00000)
  object space 142336K, 97% used [0x00000000c0000000,0x00000000c86dc220,0x00000000c8b00000)
 Metaspace       used 76015K, committed 76928K, reserved 1122304K
  class space    used 7594K, committed 8000K, reserved 1048576K
}
Event: 5390.798 GC heap after
{Heap after GC invocations=2882 (full 61):
 PSYoungGen      total 3584K, used 1152K [0x00000000eab00000, 0x00000000eb000000, 0x0000000100000000)
  eden space 2048K, 0% used [0x00000000eab00000,0x00000000eab00000,0x00000000ead00000)
  from space 1536K, 75% used [0x00000000eae80000,0x00000000eafa0000,0x00000000eb000000)
  to   space 1536K, 0% used [0x00000000ead00000,0x00000000ead00000,0x00000000eae80000)
 ParOldGen       total 142336K, used 139416K [0x00000000c0000000, 0x00000000c8b00000, 0x00000000eab00000)
  object space 142336K, 97% used [0x00000000c0000000,0x00000000c8826240,0x00000000c8b00000)
 Metaspace       used 76015K, committed 76928K, reserved 1122304K
  class space    used 7594K, committed 8000K, reserved 1048576K
}
Event: 5390.822 GC heap before
{Heap before GC invocations=2883 (full 61):
 PSYoungGen      total 3584K, used 3199K [0x00000000eab00000, 0x00000000eb000000, 0x0000000100000000)
  eden space 2048K, 99% used [0x00000000eab00000,0x00000000eacffff8,0x00000000ead00000)
  from space 1536K, 75% used [0x00000000eae80000,0x00000000eafa0000,0x00000000eb000000)
  to   space 1536K, 0% used [0x00000000ead00000,0x00000000ead00000,0x00000000eae80000)
 ParOldGen       total 142336K, used 139416K [0x00000000c0000000, 0x00000000c8b00000, 0x00000000eab00000)
  object space 142336K, 97% used [0x00000000c0000000,0x00000000c8826240,0x00000000c8b00000)
 Metaspace       used 76015K, committed 76928K, reserved 1122304K
  class space    used 7594K, committed 8000K, reserved 1048576K
}
Event: 5390.834 GC heap after
{Heap after GC invocations=2883 (full 61):
 PSYoungGen      total 3584K, used 1536K [0x00000000eab00000, 0x00000000eb380000, 0x0000000100000000)
  eden space 2048K, 0% used [0x00000000eab00000,0x00000000eab00000,0x00000000ead00000)
  from space 1536K, 100% used [0x00000000ead00000,0x00000000eae80000,0x00000000eae80000)
  to   space 3072K, 0% used [0x00000000eb080000,0x00000000eb080000,0x00000000eb380000)
 ParOldGen       total 142336K, used 140576K [0x00000000c0000000, 0x00000000c8b00000, 0x00000000eab00000)
  object space 142336K, 98% used [0x00000000c0000000,0x00000000c8948240,0x00000000c8b00000)
 Metaspace       used 76015K, committed 76928K, reserved 1122304K
  class space    used 7594K, committed 8000K, reserved 1048576K
}
Event: 5390.861 GC heap before
{Heap before GC invocations=2884 (full 61):
 PSYoungGen      total 3584K, used 3529K [0x00000000eab00000, 0x00000000eb380000, 0x0000000100000000)
  eden space 2048K, 97% used [0x00000000eab00000,0x00000000eacf26b0,0x00000000ead00000)
  from space 1536K, 100% used [0x00000000ead00000,0x00000000eae80000,0x00000000eae80000)
  to   space 3072K, 0% used [0x00000000eb080000,0x00000000eb080000,0x00000000eb380000)
 ParOldGen       total 142336K, used 140576K [0x00000000c0000000, 0x00000000c8b00000, 0x00000000eab00000)
  object space 142336K, 98% used [0x00000000c0000000,0x00000000c8948240,0x00000000c8b00000)
 Metaspace       used 76015K, committed 76928K, reserved 1122304K
  class space    used 7594K, committed 8000K, reserved 1048576K
}
Event: 5390.869 GC heap after
{Heap after GC invocations=2884 (full 61):
 PSYoungGen      total 3584K, used 992K [0x00000000eab00000, 0x00000000eb180000, 0x0000000100000000)
  eden space 2560K, 0% used [0x00000000eab00000,0x00000000eab00000,0x00000000ead80000)
  from space 1024K, 96% used [0x00000000eb080000,0x00000000eb178000,0x00000000eb180000)
  to   space 2048K, 0% used [0x00000000ead80000,0x00000000ead80000,0x00000000eaf80000)
 ParOldGen       total 142336K, used 142077K [0x00000000c0000000, 0x00000000c8b00000, 0x00000000eab00000)
  object space 142336K, 99% used [0x00000000c0000000,0x00000000c8abf7d8,0x00000000c8b00000)
 Metaspace       used 76015K, committed 76928K, reserved 1122304K
  class space    used 7594K, committed 8000K, reserved 1048576K
}
Event: 5390.869 GC heap before
{Heap before GC invocations=2885 (full 62):
 PSYoungGen      total 3584K, used 992K [0x00000000eab00000, 0x00000000eb180000, 0x0000000100000000)
  eden space 2560K, 0% used [0x00000000eab00000,0x00000000eab00000,0x00000000ead80000)
  from space 1024K, 96% used [0x00000000eb080000,0x00000000eb178000,0x00000000eb180000)
  to   space 2048K, 0% used [0x00000000ead80000,0x00000000ead80000,0x00000000eaf80000)
 ParOldGen       total 142336K, used 142077K [0x00000000c0000000, 0x00000000c8b00000, 0x00000000eab00000)
  object space 142336K, 99% used [0x00000000c0000000,0x00000000c8abf7d8,0x00000000c8b00000)
 Metaspace       used 76015K, committed 76928K, reserved 1122304K
  class space    used 7594K, committed 8000K, reserved 1048576K
}
Event: 5391.265 GC heap after
{Heap after GC invocations=2885 (full 62):
 PSYoungGen      total 4608K, used 0K [0x00000000eab00000, 0x00000000eb200000, 0x0000000100000000)
  eden space 2560K, 0% used [0x00000000eab00000,0x00000000eab00000,0x00000000ead80000)
  from space 2048K, 0% used [0x00000000ead80000,0x00000000ead80000,0x00000000eaf80000)
  to   space 2048K, 0% used [0x00000000eb000000,0x00000000eb000000,0x00000000eb200000)
 ParOldGen       total 150528K, used 115938K [0x00000000c0000000, 0x00000000c9300000, 0x00000000eab00000)
  object space 150528K, 77% used [0x00000000c0000000,0x00000000c7138820,0x00000000c9300000)
 Metaspace       used 76015K, committed 76928K, reserved 1122304K
  class space    used 7594K, committed 8000K, reserved 1048576K
}
Event: 5391.373 GC heap before
{Heap before GC invocations=2886 (full 62):
 PSYoungGen      total 4608K, used 2560K [0x00000000eab00000, 0x00000000eb200000, 0x0000000100000000)
  eden space 2560K, 100% used [0x00000000eab00000,0x00000000ead80000,0x00000000ead80000)
  from space 2048K, 0% used [0x00000000ead80000,0x00000000ead80000,0x00000000eaf80000)
  to   space 2048K, 0% used [0x00000000eb000000,0x00000000eb000000,0x00000000eb200000)
 ParOldGen       total 150528K, used 115938K [0x00000000c0000000, 0x00000000c9300000, 0x00000000eab00000)
  object space 150528K, 77% used [0x00000000c0000000,0x00000000c7138820,0x00000000c9300000)
 Metaspace       used 76015K, committed 76928K, reserved 1122304K
  class space    used 7594K, committed 8000K, reserved 1048576K
}
Event: 5391.378 GC heap after
{Heap after GC invocations=2886 (full 62):
 PSYoungGen      total 4096K, used 672K [0x00000000eab00000, 0x00000000eb100000, 0x0000000100000000)
  eden space 3072K, 0% used [0x00000000eab00000,0x00000000eab00000,0x00000000eae00000)
  from space 1024K, 65% used [0x00000000eb000000,0x00000000eb0a8000,0x00000000eb100000)
  to   space 1024K, 0% used [0x00000000eaf00000,0x00000000eaf00000,0x00000000eb000000)
 ParOldGen       total 150528K, used 115938K [0x00000000c0000000, 0x00000000c9300000, 0x00000000eab00000)
  object space 150528K, 77% used [0x00000000c0000000,0x00000000c7138820,0x00000000c9300000)
 Metaspace       used 76015K, committed 76928K, reserved 1122304K
  class space    used 7594K, committed 8000K, reserved 1048576K
}

